This file contains any messages produced by compilers while
running configure, to aid debugging if configure makes a mistake.

It was created by configure, which was
generated by GNU Autoconf 2.59.  Invocation command line was

  $ ./configure 

## --------- ##
## Platform. ##
## --------- ##

hostname = firexware-pc
uname -m = x86_64
uname -r = 2.6.32-5-amd64
uname -s = Linux
uname -v = #1 SMP Thu Mar 22 17:26:33 UTC 2012

/usr/bin/uname -p = unknown
/bin/uname -X     = unknown

/bin/arch              = unknown
/usr/bin/arch -k       = unknown
/usr/convex/getsysinfo = unknown
hostinfo               = unknown
/bin/machine           = unknown
/usr/bin/oslevel       = unknown
/bin/universe          = unknown

PATH: /usr/local/bin
PATH: /usr/bin
PATH: /bin
PATH: /usr/local/games
PATH: /usr/games
PATH: /usr/local/cuda/bin


## ----------- ##
## Core tests. ##
## ----------- ##

configure:1369: checking for a BSD-compatible install
configure:1424: result: /usr/bin/install -c
configure:1435: checking whether build environment is sane
configure:1478: result: yes
configure:1493: checking whether make sets $(MAKE)
configure:1513: result: yes
configure:1545: checking for working aclocal
configure:1552: result: found
configure:1560: checking for working autoconf
configure:1567: result: found
configure:1575: checking for working automake
configure:1582: result: found
configure:1590: checking for working autoheader
configure:1597: result: found
configure:1605: checking for working makeinfo
configure:1612: result: found
configure:1628: checking build system type
configure:1646: result: x86_64-unknown-linux-gnu
configure:1654: checking host system type
configure:1668: result: x86_64-unknown-linux-gnu
configure:1691: checking for wininet-config
configure:1718: result: no
configure:1726: You don't appear to have Wininet installed (no working wininet-config in your command search path), so we will not build the Wininet client XML transport
configure:1736: checking whether to build Wininet client XML transport module
configure:1738: result: no
configure:1754: checking for curl-config
configure:1781: result: no
configure:1789: You don't appear to have Curl installed (no working curl-config in your command search path), so we will not build the Curl client XML transport
configure:1799: checking whether to build Curl client XML transport module
configure:1801: result: no
configure:1817: checking for libwww-config
configure:1844: result: no
configure:1852: You don't appear to have Libwww installed (no working libwww-config in your command search path), so we will not build the Libwww client XML transport
configure:1862: checking whether to build Libwww client XML transport module
configure:1864: result: no
configure:1897: checking whether to build Abyss server module
configure:1906: result: yes
configure:1933: checking whether to build CGI server module
configure:1942: result: yes
configure:1947: checking whether to build C++ wrappers and tools
configure:1956: result: yes
configure:2035: checking for gcc
configure:2051: found /usr/bin/gcc
configure:2061: result: gcc
configure:2305: checking for C compiler version
configure:2308: gcc --version </dev/null >&5
gcc (Debian 4.4.5-8) 4.4.5
Copyright (C) 2010 Free Software Foundation, Inc.
This is free software; see the source for copying conditions.  There is NO
warranty; not even for MERCHANTABILITY or FITNESS FOR A PARTICULAR PURPOSE.

configure:2311: $? = 0
configure:2313: gcc -v </dev/null >&5
Using built-in specs.
Target: x86_64-linux-gnu
Configured with: ../src/configure -v --with-pkgversion='Debian 4.4.5-8' --with-bugurl=file:///usr/share/doc/gcc-4.4/README.Bugs --enable-languages=c,c++,fortran,objc,obj-c++ --prefix=/usr --program-suffix=-4.4 --enable-shared --enable-multiarch --enable-linker-build-id --with-system-zlib --libexecdir=/usr/lib --without-included-gettext --enable-threads=posix --with-gxx-include-dir=/usr/include/c++/4.4 --libdir=/usr/lib --enable-nls --enable-clocale=gnu --enable-libstdcxx-debug --enable-objc-gc --with-arch-32=i586 --with-tune=generic --enable-checking=release --build=x86_64-linux-gnu --host=x86_64-linux-gnu --target=x86_64-linux-gnu
Thread model: posix
gcc version 4.4.5 (Debian 4.4.5-8) 
configure:2316: $? = 0
configure:2318: gcc -V </dev/null >&5
gcc: '-V' option must have argument
configure:2321: $? = 1
configure:2344: checking for C compiler default output file name
configure:2347: gcc    conftest.c  >&5
configure:2350: $? = 0
configure:2396: result: a.out
configure:2401: checking whether the C compiler works
configure:2407: ./a.out
configure:2410: $? = 0
configure:2427: result: yes
configure:2434: checking whether we are cross compiling
configure:2436: result: no
configure:2439: checking for suffix of executables
configure:2441: gcc -o conftest    conftest.c  >&5
configure:2444: $? = 0
configure:2469: result: 
configure:2475: checking for suffix of object files
configure:2496: gcc -c   conftest.c >&5
configure:2499: $? = 0
configure:2521: result: o
configure:2525: checking whether we are using the GNU C compiler
configure:2549: gcc -c   conftest.c >&5
configure:2555: $? = 0
configure:2559: test -z 
			 || test ! -s conftest.err
configure:2562: $? = 0
configure:2565: test -s conftest.o
configure:2568: $? = 0
configure:2581: result: yes
configure:2587: checking whether gcc accepts -g
configure:2608: gcc -c -g  conftest.c >&5
configure:2614: $? = 0
configure:2618: test -z 
			 || test ! -s conftest.err
configure:2621: $? = 0
configure:2624: test -s conftest.o
configure:2627: $? = 0
configure:2638: result: yes
configure:2655: checking for gcc option to accept ANSI C
configure:2725: gcc  -c -g -O2  conftest.c >&5
configure:2731: $? = 0
configure:2735: test -z 
			 || test ! -s conftest.err
configure:2738: $? = 0
configure:2741: test -s conftest.o
configure:2744: $? = 0
configure:2762: result: none needed
configure:2780: gcc -c -g -O2  conftest.c >&5
conftest.c:2: error: expected '=', ',', ';', 'asm' or '__attribute__' before 'me'
configure:2786: $? = 1
configure: failed program was:
| #ifndef __cplusplus
|   choke me
| #endif
configure:2972: checking for g++
configure:2988: found /usr/bin/g++
configure:2998: result: g++
configure:3014: checking for C++ compiler version
configure:3017: g++ --version </dev/null >&5
g++ (Debian 4.4.5-8) 4.4.5
Copyright (C) 2010 Free Software Foundation, Inc.
This is free software; see the source for copying conditions.  There is NO
warranty; not even for MERCHANTABILITY or FITNESS FOR A PARTICULAR PURPOSE.

configure:3020: $? = 0
configure:3022: g++ -v </dev/null >&5
Using built-in specs.
Target: x86_64-linux-gnu
Configured with: ../src/configure -v --with-pkgversion='Debian 4.4.5-8' --with-bugurl=file:///usr/share/doc/gcc-4.4/README.Bugs --enable-languages=c,c++,fortran,objc,obj-c++ --prefix=/usr --program-suffix=-4.4 --enable-shared --enable-multiarch --enable-linker-build-id --with-system-zlib --libexecdir=/usr/lib --without-included-gettext --enable-threads=posix --with-gxx-include-dir=/usr/include/c++/4.4 --libdir=/usr/lib --enable-nls --enable-clocale=gnu --enable-libstdcxx-debug --enable-objc-gc --with-arch-32=i586 --with-tune=generic --enable-checking=release --build=x86_64-linux-gnu --host=x86_64-linux-gnu --target=x86_64-linux-gnu
Thread model: posix
gcc version 4.4.5 (Debian 4.4.5-8) 
configure:3025: $? = 0
configure:3027: g++ -V </dev/null >&5
g++: '-V' option must have argument
configure:3030: $? = 1
configure:3033: checking whether we are using the GNU C++ compiler
configure:3057: g++ -c   conftest.cc >&5
configure:3063: $? = 0
configure:3067: test -z 
			 || test ! -s conftest.err
configure:3070: $? = 0
configure:3073: test -s conftest.o
configure:3076: $? = 0
configure:3089: result: yes
configure:3095: checking whether g++ accepts -g
configure:3116: g++ -c -g  conftest.cc >&5
configure:3122: $? = 0
configure:3126: test -z 
			 || test ! -s conftest.err
configure:3129: $? = 0
configure:3132: test -s conftest.o
configure:3135: $? = 0
configure:3146: result: yes
configure:3188: g++ -c -g -O2  conftest.cc >&5
configure:3194: $? = 0
configure:3198: test -z 
			 || test ! -s conftest.err
configure:3201: $? = 0
configure:3204: test -s conftest.o
configure:3207: $? = 0
configure:3233: g++ -c -g -O2  conftest.cc >&5
conftest.cc: In function 'int main()':
conftest.cc:15: error: 'exit' was not declared in this scope
configure:3239: $? = 1
configure: failed program was:
| /* confdefs.h.  */
| 
| #define PACKAGE_NAME ""
| #define PACKAGE_TARNAME ""
| #define PACKAGE_VERSION ""
| #define PACKAGE_STRING ""
| #define PACKAGE_BUGREPORT ""
| #define PACKAGE "xmlrpc-c"
| #define VERSION "x.xx"
| /* end confdefs.h.  */
| 
| int
| main ()
| {
| exit (42);
|   ;
|   return 0;
| }
configure:3188: g++ -c -g -O2  conftest.cc >&5
conftest.cc:11: error: 'void std::exit(int)' should have been declared inside 'std'
configure:3194: $? = 1
configure: failed program was:
| /* confdefs.h.  */
| 
| #define PACKAGE_NAME ""
| #define PACKAGE_TARNAME ""
| #define PACKAGE_VERSION ""
| #define PACKAGE_STRING ""
| #define PACKAGE_BUGREPORT ""
| #define PACKAGE "xmlrpc-c"
| #define VERSION "x.xx"
| /* end confdefs.h.  */
| extern "C" void std::exit (int) throw (); using std::exit;
| #include <stdlib.h>
| int
| main ()
| {
| exit (42);
|   ;
|   return 0;
| }
configure:3188: g++ -c -g -O2  conftest.cc >&5
conftest.cc:11: error: 'void std::exit(int)' should have been declared inside 'std'
In file included from conftest.cc:12:
/usr/include/stdlib.h:543: error: declaration of 'void std::exit(int) throw ()' throws different exceptions
conftest.cc:11: error: from previous declaration 'void std::exit(int)'
configure:3194: $? = 1
configure: failed program was:
| /* confdefs.h.  */
| 
| #define PACKAGE_NAME ""
| #define PACKAGE_TARNAME ""
| #define PACKAGE_VERSION ""
| #define PACKAGE_STRING ""
| #define PACKAGE_BUGREPORT ""
| #define PACKAGE "xmlrpc-c"
| #define VERSION "x.xx"
| /* end confdefs.h.  */
| extern "C" void std::exit (int); using std::exit;
| #include <stdlib.h>
| int
| main ()
| {
| exit (42);
|   ;
|   return 0;
| }
configure:3188: g++ -c -g -O2  conftest.cc >&5
configure:3194: $? = 0
configure:3198: test -z 
			 || test ! -s conftest.err
configure:3201: $? = 0
configure:3204: test -s conftest.o
configure:3207: $? = 0
configure:3233: g++ -c -g -O2  conftest.cc >&5
configure:3239: $? = 0
configure:3243: test -z 
			 || test ! -s conftest.err
configure:3246: $? = 0
configure:3249: test -s conftest.o
configure:3252: $? = 0
configure:3284: checking for socket
configure:3341: gcc -o conftest -g -O2   conftest.c  >&5
configure:3347: $? = 0
configure:3351: test -z 
			 || test ! -s conftest.err
configure:3354: $? = 0
configure:3357: test -s conftest
configure:3360: $? = 0
configure:3372: result: yes
configure:3478: checking how to run the C preprocessor
configure:3513: gcc -E  conftest.c
configure:3519: $? = 0
configure:3551: gcc -E  conftest.c
conftest.c:14:28: error: ac_nonexistent.h: No such file or directory
configure:3557: $? = 1
configure: failed program was:
| /* confdefs.h.  */
| 
| #define PACKAGE_NAME ""
| #define PACKAGE_TARNAME ""
| #define PACKAGE_VERSION ""
| #define PACKAGE_STRING ""
| #define PACKAGE_BUGREPORT ""
| #define PACKAGE "xmlrpc-c"
| #define VERSION "x.xx"
| #ifdef __cplusplus
| extern "C" void exit (int) throw ();
| #endif
| /* end confdefs.h.  */
| #include <ac_nonexistent.h>
configure:3596: result: gcc -E
configure:3620: gcc -E  conftest.c
configure:3626: $? = 0
configure:3658: gcc -E  conftest.c
conftest.c:14:28: error: ac_nonexistent.h: No such file or directory
configure:3664: $? = 1
configure: failed program was:
| /* confdefs.h.  */
| 
| #define PACKAGE_NAME ""
| #define PACKAGE_TARNAME ""
| #define PACKAGE_VERSION ""
| #define PACKAGE_STRING ""
| #define PACKAGE_BUGREPORT ""
| #define PACKAGE "xmlrpc-c"
| #define VERSION "x.xx"
| #ifdef __cplusplus
| extern "C" void exit (int) throw ();
| #endif
| /* end confdefs.h.  */
| #include <ac_nonexistent.h>
configure:3708: checking for egrep
configure:3718: result: grep -E
configure:3723: checking for ANSI C header files
configure:3748: gcc -c -g -O2  conftest.c >&5
configure:3754: $? = 0
configure:3758: test -z 
			 || test ! -s conftest.err
configure:3761: $? = 0
configure:3764: test -s conftest.o
configure:3767: $? = 0
configure:3856: gcc -o conftest -g -O2   conftest.c  >&5
conftest.c: In function 'main':
conftest.c:31: warning: incompatible implicit declaration of built-in function 'exit'
configure:3859: $? = 0
configure:3861: ./conftest
configure:3864: $? = 0
configure:3879: result: yes
configure:3905: checking for sys/types.h
configure:3921: gcc -c -g -O2  conftest.c >&5
configure:3927: $? = 0
configure:3931: test -z 
			 || test ! -s conftest.err
configure:3934: $? = 0
configure:3937: test -s conftest.o
configure:3940: $? = 0
configure:3951: result: yes
configure:3905: checking for sys/stat.h
configure:3921: gcc -c -g -O2  conftest.c >&5
configure:3927: $? = 0
configure:3931: test -z 
			 || test ! -s conftest.err
configure:3934: $? = 0
configure:3937: test -s conftest.o
configure:3940: $? = 0
configure:3951: result: yes
configure:3905: checking for stdlib.h
configure:3921: gcc -c -g -O2  conftest.c >&5
configure:3927: $? = 0
configure:3931: test -z 
			 || test ! -s conftest.err
configure:3934: $? = 0
configure:3937: test -s conftest.o
configure:3940: $? = 0
configure:3951: result: yes
configure:3905: checking for string.h
configure:3921: gcc -c -g -O2  conftest.c >&5
configure:3927: $? = 0
configure:3931: test -z 
			 || test ! -s conftest.err
configure:3934: $? = 0
configure:3937: test -s conftest.o
configure:3940: $? = 0
configure:3951: result: yes
configure:3905: checking for memory.h
configure:3921: gcc -c -g -O2  conftest.c >&5
configure:3927: $? = 0
configure:3931: test -z 
			 || test ! -s conftest.err
configure:3934: $? = 0
configure:3937: test -s conftest.o
configure:3940: $? = 0
configure:3951: result: yes
configure:3905: checking for strings.h
configure:3921: gcc -c -g -O2  conftest.c >&5
configure:3927: $? = 0
configure:3931: test -z 
			 || test ! -s conftest.err
configure:3934: $? = 0
configure:3937: test -s conftest.o
configure:3940: $? = 0
configure:3951: result: yes
configure:3905: checking for inttypes.h
configure:3921: gcc -c -g -O2  conftest.c >&5
configure:3927: $? = 0
configure:3931: test -z 
			 || test ! -s conftest.err
configure:3934: $? = 0
configure:3937: test -s conftest.o
configure:3940: $? = 0
configure:3951: result: yes
configure:3905: checking for stdint.h
configure:3921: gcc -c -g -O2  conftest.c >&5
configure:3927: $? = 0
configure:3931: test -z 
			 || test ! -s conftest.err
configure:3934: $? = 0
configure:3937: test -s conftest.o
configure:3940: $? = 0
configure:3951: result: yes
configure:3905: checking for unistd.h
configure:3921: gcc -c -g -O2  conftest.c >&5
configure:3927: $? = 0
configure:3931: test -z 
			 || test ! -s conftest.err
configure:3934: $? = 0
configure:3937: test -s conftest.o
configure:3940: $? = 0
configure:3951: result: yes
configure:3977: checking wchar.h usability
configure:3989: gcc -c -g -O2  conftest.c >&5
configure:3995: $? = 0
configure:3999: test -z 
			 || test ! -s conftest.err
configure:4002: $? = 0
configure:4005: test -s conftest.o
configure:4008: $? = 0
configure:4018: result: yes
configure:4022: checking wchar.h presence
configure:4032: gcc -E  conftest.c
configure:4038: $? = 0
configure:4058: result: yes
configure:4093: checking for wchar.h
configure:4100: result: yes
configure:4137: checking sys/filio.h usability
configure:4149: gcc -c -g -O2  conftest.c >&5
conftest.c:59:23: error: sys/filio.h: No such file or directory
configure:4155: $? = 1
configure: failed program was:
| /* confdefs.h.  */
| 
| #define PACKAGE_NAME ""
| #define PACKAGE_TARNAME ""
| #define PACKAGE_VERSION ""
| #define PACKAGE_STRING ""
| #define PACKAGE_BUGREPORT ""
| #define PACKAGE "xmlrpc-c"
| #define VERSION "x.xx"
| #ifdef __cplusplus
| extern "C" void exit (int) throw ();
| #endif
| #define STDC_HEADERS 1
| #define HAVE_SYS_TYPES_H 1
| #define HAVE_SYS_STAT_H 1
| #define HAVE_STDLIB_H 1
| #define HAVE_STRING_H 1
| #define HAVE_MEMORY_H 1
| #define HAVE_STRINGS_H 1
| #define HAVE_INTTYPES_H 1
| #define HAVE_STDINT_H 1
| #define HAVE_UNISTD_H 1
| #define HAVE_WCHAR_H 1
| /* end confdefs.h.  */
| #include <stdio.h>
| #if HAVE_SYS_TYPES_H
| # include <sys/types.h>
| #endif
| #if HAVE_SYS_STAT_H
| # include <sys/stat.h>
| #endif
| #if STDC_HEADERS
| # include <stdlib.h>
| # include <stddef.h>
| #else
| # if HAVE_STDLIB_H
| #  include <stdlib.h>
| # endif
| #endif
| #if HAVE_STRING_H
| # if !STDC_HEADERS && HAVE_MEMORY_H
| #  include <memory.h>
| # endif
| # include <string.h>
| #endif
| #if HAVE_STRINGS_H
| # include <strings.h>
| #endif
| #if HAVE_INTTYPES_H
| # include <inttypes.h>
| #else
| # if HAVE_STDINT_H
| #  include <stdint.h>
| # endif
| #endif
| #if HAVE_UNISTD_H
| # include <unistd.h>
| #endif
| #include <sys/filio.h>
configure:4178: result: no
configure:4182: checking sys/filio.h presence
configure:4192: gcc -E  conftest.c
conftest.c:25:23: error: sys/filio.h: No such file or directory
configure:4198: $? = 1
configure: failed program was:
| /* confdefs.h.  */
| 
| #define PACKAGE_NAME ""
| #define PACKAGE_TARNAME ""
| #define PACKAGE_VERSION ""
| #define PACKAGE_STRING ""
| #define PACKAGE_BUGREPORT ""
| #define PACKAGE "xmlrpc-c"
| #define VERSION "x.xx"
| #ifdef __cplusplus
| extern "C" void exit (int) throw ();
| #endif
| #define STDC_HEADERS 1
| #define HAVE_SYS_TYPES_H 1
| #define HAVE_SYS_STAT_H 1
| #define HAVE_STDLIB_H 1
| #define HAVE_STRING_H 1
| #define HAVE_MEMORY_H 1
| #define HAVE_STRINGS_H 1
| #define HAVE_INTTYPES_H 1
| #define HAVE_STDINT_H 1
| #define HAVE_UNISTD_H 1
| #define HAVE_WCHAR_H 1
| /* end confdefs.h.  */
| #include <sys/filio.h>
configure:4218: result: no
configure:4253: checking for sys/filio.h
configure:4260: result: no
configure:4296: checking sys/ioctl.h usability
configure:4308: gcc -c -g -O2  conftest.c >&5
configure:4314: $? = 0
configure:4318: test -z 
			 || test ! -s conftest.err
configure:4321: $? = 0
configure:4324: test -s conftest.o
configure:4327: $? = 0
configure:4337: result: yes
configure:4341: checking sys/ioctl.h presence
configure:4351: gcc -E  conftest.c
configure:4357: $? = 0
configure:4377: result: yes
configure:4412: checking for sys/ioctl.h
configure:4419: result: yes
configure:4454: checking stdarg.h usability
configure:4466: gcc -c -g -O2  conftest.c >&5
configure:4472: $? = 0
configure:4476: test -z 
			 || test ! -s conftest.err
configure:4479: $? = 0
configure:4482: test -s conftest.o
configure:4485: $? = 0
configure:4495: result: yes
configure:4499: checking stdarg.h presence
configure:4509: gcc -E  conftest.c
configure:4515: $? = 0
configure:4535: result: yes
configure:4570: checking for stdarg.h
configure:4577: result: yes
configure:4599: checking for size_t
configure:4623: gcc -c -g -O2  conftest.c >&5
configure:4629: $? = 0
configure:4633: test -z 
			 || test ! -s conftest.err
configure:4636: $? = 0
configure:4639: test -s conftest.o
configure:4642: $? = 0
configure:4653: result: yes
configure:4667: checking whether va_list is an array
configure:4687: gcc -c -g -O2  conftest.c >&5
conftest.c: In function 'main':
conftest.c:33: error: incompatible types when assigning to type 'va_list' from type 'struct __va_list_tag *'
configure:4693: $? = 1
configure: failed program was:
| /* confdefs.h.  */
| 
| #define PACKAGE_NAME ""
| #define PACKAGE_TARNAME ""
| #define PACKAGE_VERSION ""
| #define PACKAGE_STRING ""
| #define PACKAGE_BUGREPORT ""
| #define PACKAGE "xmlrpc-c"
| #define VERSION "x.xx"
| #ifdef __cplusplus
| extern "C" void exit (int) throw ();
| #endif
| #define STDC_HEADERS 1
| #define HAVE_SYS_TYPES_H 1
| #define HAVE_SYS_STAT_H 1
| #define HAVE_STDLIB_H 1
| #define HAVE_STRING_H 1
| #define HAVE_MEMORY_H 1
| #define HAVE_STRINGS_H 1
| #define HAVE_INTTYPES_H 1
| #define HAVE_STDINT_H 1
| #define HAVE_UNISTD_H 1
| #define HAVE_WCHAR_H 1
| #define HAVE_SYS_IOCTL_H 1
| #define HAVE_STDARG_H 1
| /* end confdefs.h.  */
| 
| #include <stdarg.h>
| 
| int
| main ()
| {
| va_list list1, list2; list1 = list2;
|   ;
|   return 0;
| }
configure:4716: result: yes
configure:4725: checking whether compiler has __attribute__
configure:4743: gcc -c -g -O2  conftest.c >&5
configure:4749: $? = 0
configure:4753: test -z 
			 || test ! -s conftest.err
configure:4756: $? = 0
configure:4759: test -s conftest.o
configure:4762: $? = 0
configure:4772: result: yes
configure:4783: checking for vsnprintf
configure:4840: gcc -o conftest -g -O2   conftest.c  >&5
conftest.c:51: warning: conflicting types for built-in function 'vsnprintf'
configure:4846: $? = 0
configure:4850: test -z 
			 || test ! -s conftest.err
configure:4853: $? = 0
configure:4856: test -s conftest
configure:4859: $? = 0
configure:4871: result: yes
configure:4888: checking for wcsncmp
configure:4945: gcc -o conftest -g -O2   conftest.c  >&5
configure:4951: $? = 0
configure:4955: test -z 
			 || test ! -s conftest.err
configure:4958: $? = 0
configure:4961: test -s conftest
configure:4964: $? = 0
configure:4976: result: yes
configure:4991: checking for setgroups
configure:5048: gcc -o conftest -g -O2   conftest.c  >&5
configure:5054: $? = 0
configure:5058: test -z 
			 || test ! -s conftest.err
configure:5061: $? = 0
configure:5064: test -s conftest
configure:5067: $? = 0
configure:5079: result: yes
configure:5094: checking for asprintf
configure:5151: gcc -o conftest -g -O2   conftest.c  >&5
configure:5157: $? = 0
configure:5161: test -z 
			 || test ! -s conftest.err
configure:5164: $? = 0
configure:5167: test -s conftest
configure:5170: $? = 0
configure:5182: result: yes
configure:5197: checking for setenv
configure:5254: gcc -o conftest -g -O2   conftest.c  >&5
configure:5260: $? = 0
configure:5264: test -z 
			 || test ! -s conftest.err
configure:5267: $? = 0
configure:5270: test -s conftest
configure:5273: $? = 0
configure:5285: result: yes
configure:5300: checking for pselect
configure:5357: gcc -o conftest -g -O2   conftest.c  >&5
configure:5363: $? = 0
configure:5367: test -z 
			 || test ! -s conftest.err
configure:5370: $? = 0
configure:5373: test -s conftest
configure:5376: $? = 0
configure:5388: result: yes
configure:5403: checking for gettimeofday
configure:5460: gcc -o conftest -g -O2   conftest.c  >&5
configure:5466: $? = 0
configure:5470: test -z 
			 || test ! -s conftest.err
configure:5473: $? = 0
configure:5476: test -s conftest
configure:5479: $? = 0
configure:5491: result: yes
configure:5505: checking for localtime_r
configure:5562: gcc -o conftest -g -O2   conftest.c  >&5
configure:5568: $? = 0
configure:5572: test -z 
			 || test ! -s conftest.err
configure:5575: $? = 0
configure:5578: test -s conftest
configure:5581: $? = 0
configure:5593: result: yes
configure:5607: checking for gmtime_r
configure:5664: gcc -o conftest -g -O2   conftest.c  >&5
configure:5670: $? = 0
configure:5674: test -z 
			 || test ! -s conftest.err
configure:5677: $? = 0
configure:5680: test -s conftest
configure:5683: $? = 0
configure:5695: result: yes
configure:5710: checking for strcasecmp
configure:5767: gcc -o conftest -g -O2   conftest.c  >&5
conftest.c:59: warning: conflicting types for built-in function 'strcasecmp'
configure:5773: $? = 0
configure:5777: test -z 
			 || test ! -s conftest.err
configure:5780: $? = 0
configure:5783: test -s conftest
configure:5786: $? = 0
configure:5798: result: yes
configure:5812: checking for stricmp
configure:5869: gcc -o conftest -g -O2   conftest.c  >&5
/tmp/ccOMzu5a.o: In function `main':
/home/firexware/wk/crackstation/trunk/daemon/xmlrpc-c-1.16.41/conftest.c:75: undefined reference to `stricmp'
/tmp/ccOMzu5a.o:(.data+0x0): undefined reference to `stricmp'
collect2: ld returned 1 exit status
configure:5875: $? = 1
configure: failed program was:
| /* confdefs.h.  */
| 
| #define PACKAGE_NAME ""
| #define PACKAGE_TARNAME ""
| #define PACKAGE_VERSION ""
| #define PACKAGE_STRING ""
| #define PACKAGE_BUGREPORT ""
| #define PACKAGE "xmlrpc-c"
| #define VERSION "x.xx"
| #ifdef __cplusplus
| extern "C" void exit (int) throw ();
| #endif
| #define STDC_HEADERS 1
| #define HAVE_SYS_TYPES_H 1
| #define HAVE_SYS_STAT_H 1
| #define HAVE_STDLIB_H 1
| #define HAVE_STRING_H 1
| #define HAVE_MEMORY_H 1
| #define HAVE_STRINGS_H 1
| #define HAVE_INTTYPES_H 1
| #define HAVE_STDINT_H 1
| #define HAVE_UNISTD_H 1
| #define HAVE_WCHAR_H 1
| #define HAVE_SYS_IOCTL_H 1
| #define HAVE_STDARG_H 1
| #define HAVE_WCSNCMP 1
| #define HAVE_SETGROUPS 1
| #define HAVE_ASPRINTF 1
| #define HAVE_SETENV 1
| #define HAVE_PSELECT 1
| #define HAVE_GETTIMEOFDAY 1
| #define HAVE_LOCALTIME_R 1
| #define HAVE_GMTIME_R 1
| #define HAVE_STRCASECMP 1
| /* end confdefs.h.  */
| /* Define stricmp to an innocuous variant, in case <limits.h> declares stricmp.
|    For example, HP-UX 11i <limits.h> declares gettimeofday.  */
| #define stricmp innocuous_stricmp
| 
| /* System header to define __stub macros and hopefully few prototypes,
|     which can conflict with char stricmp (); below.
|     Prefer <limits.h> to <assert.h> if __STDC__ is defined, since
|     <limits.h> exists even on freestanding compilers.  */
| 
| #ifdef __STDC__
| # include <limits.h>
| #else
| # include <assert.h>
| #endif
| 
| #undef stricmp
| 
| /* Override any gcc2 internal prototype to avoid an error.  */
| #ifdef __cplusplus
| extern "C"
| {
| #endif
| /* We use char because int might match the return type of a gcc2
|    builtin and then its argument prototype would still apply.  */
| char stricmp ();
| /* The GNU C library defines this for functions which it implements
|     to always fail with ENOSYS.  Some functions are actually named
|     something starting with __ and the normal name is an alias.  */
| #if defined (__stub_stricmp) || defined (__stub___stricmp)
| choke me
| #else
| char (*f) () = stricmp;
| #endif
| #ifdef __cplusplus
| }
| #endif
| 
| int
| main ()
| {
| return f != stricmp;
|   ;
|   return 0;
| }
configure:5900: result: no
configure:5914: checking for _stricmp
configure:5971: gcc -o conftest -g -O2   conftest.c  >&5
/tmp/cc45Pfdm.o: In function `main':
/home/firexware/wk/crackstation/trunk/daemon/xmlrpc-c-1.16.41/conftest.c:75: undefined reference to `_stricmp'
/tmp/cc45Pfdm.o:(.data+0x0): undefined reference to `_stricmp'
collect2: ld returned 1 exit status
configure:5977: $? = 1
configure: failed program was:
| /* confdefs.h.  */
| 
| #define PACKAGE_NAME ""
| #define PACKAGE_TARNAME ""
| #define PACKAGE_VERSION ""
| #define PACKAGE_STRING ""
| #define PACKAGE_BUGREPORT ""
| #define PACKAGE "xmlrpc-c"
| #define VERSION "x.xx"
| #ifdef __cplusplus
| extern "C" void exit (int) throw ();
| #endif
| #define STDC_HEADERS 1
| #define HAVE_SYS_TYPES_H 1
| #define HAVE_SYS_STAT_H 1
| #define HAVE_STDLIB_H 1
| #define HAVE_STRING_H 1
| #define HAVE_MEMORY_H 1
| #define HAVE_STRINGS_H 1
| #define HAVE_INTTYPES_H 1
| #define HAVE_STDINT_H 1
| #define HAVE_UNISTD_H 1
| #define HAVE_WCHAR_H 1
| #define HAVE_SYS_IOCTL_H 1
| #define HAVE_STDARG_H 1
| #define HAVE_WCSNCMP 1
| #define HAVE_SETGROUPS 1
| #define HAVE_ASPRINTF 1
| #define HAVE_SETENV 1
| #define HAVE_PSELECT 1
| #define HAVE_GETTIMEOFDAY 1
| #define HAVE_LOCALTIME_R 1
| #define HAVE_GMTIME_R 1
| #define HAVE_STRCASECMP 1
| /* end confdefs.h.  */
| /* Define _stricmp to an innocuous variant, in case <limits.h> declares _stricmp.
|    For example, HP-UX 11i <limits.h> declares gettimeofday.  */
| #define _stricmp innocuous__stricmp
| 
| /* System header to define __stub macros and hopefully few prototypes,
|     which can conflict with char _stricmp (); below.
|     Prefer <limits.h> to <assert.h> if __STDC__ is defined, since
|     <limits.h> exists even on freestanding compilers.  */
| 
| #ifdef __STDC__
| # include <limits.h>
| #else
| # include <assert.h>
| #endif
| 
| #undef _stricmp
| 
| /* Override any gcc2 internal prototype to avoid an error.  */
| #ifdef __cplusplus
| extern "C"
| {
| #endif
| /* We use char because int might match the return type of a gcc2
|    builtin and then its argument prototype would still apply.  */
| char _stricmp ();
| /* The GNU C library defines this for functions which it implements
|     to always fail with ENOSYS.  Some functions are actually named
|     something starting with __ and the normal name is an alias.  */
| #if defined (__stub__stricmp) || defined (__stub____stricmp)
| choke me
| #else
| char (*f) () = _stricmp;
| #endif
| #ifdef __cplusplus
| }
| #endif
| 
| int
| main ()
| {
| return f != _stricmp;
|   ;
|   return 0;
| }
configure:6002: result: no
configure:6019: checking whether to use Abyss pthread function
configure:6028: result: yes
configure:6343: checking whether to use SSL with libwww
configure:6350: result: no
configure:6364: checking whether to build the libxml2 backend
configure:6366: result: no
configure:6528: creating ./config.status

## ---------------------- ##
## Running config.status. ##
## ---------------------- ##

This file was extended by config.status, which was
generated by GNU Autoconf 2.59.  Invocation command line was

  CONFIG_FILES    = 
  CONFIG_HEADERS  = 
  CONFIG_LINKS    = 
  CONFIG_COMMANDS = 
  $ ./config.status 

on firexware-pc

config.status:742: creating srcdir.mk
config.status:742: creating config.mk
config.status:742: creating xmlrpc_config.h
config.status:846: creating xmlrpc_amconfig.h
config.status:1134: executing default-1 commands
configure:7771: \n\n==>We are not building any client XML transport (see earlier messages explaining why), therefore WE WILL NOT BUILD THE CLIENT LIBRARY.

## ---------------- ##
## Cache variables. ##
## ---------------- ##

ac_cv_build=x86_64-unknown-linux-gnu
ac_cv_build_alias=x86_64-unknown-linux-gnu
ac_cv_c_compiler_gnu=yes
ac_cv_cxx_compiler_gnu=yes
ac_cv_env_CC_set=
ac_cv_env_CC_value=
ac_cv_env_CFLAGS_set=
ac_cv_env_CFLAGS_value=
ac_cv_env_CPPFLAGS_set=
ac_cv_env_CPPFLAGS_value=
ac_cv_env_CPP_set=
ac_cv_env_CPP_value=
ac_cv_env_CXXFLAGS_set=
ac_cv_env_CXXFLAGS_value=
ac_cv_env_CXX_set=
ac_cv_env_CXX_value=
ac_cv_env_LDFLAGS_set=
ac_cv_env_LDFLAGS_value=
ac_cv_env_build_alias_set=
ac_cv_env_build_alias_value=
ac_cv_env_host_alias_set=
ac_cv_env_host_alias_value=
ac_cv_env_target_alias_set=
ac_cv_env_target_alias_value=
ac_cv_exeext=
ac_cv_func__stricmp=no
ac_cv_func_asprintf=yes
ac_cv_func_gettimeofday=yes
ac_cv_func_gmtime_r=yes
ac_cv_func_localtime_r=yes
ac_cv_func_pselect=yes
ac_cv_func_setenv=yes
ac_cv_func_setgroups=yes
ac_cv_func_socket=yes
ac_cv_func_strcasecmp=yes
ac_cv_func_stricmp=no
ac_cv_func_vsnprintf=yes
ac_cv_func_wcsncmp=yes
ac_cv_header_inttypes_h=yes
ac_cv_header_memory_h=yes
ac_cv_header_stdarg_h=yes
ac_cv_header_stdc=yes
ac_cv_header_stdint_h=yes
ac_cv_header_stdlib_h=yes
ac_cv_header_string_h=yes
ac_cv_header_strings_h=yes
ac_cv_header_sys_filio_h=no
ac_cv_header_sys_ioctl_h=yes
ac_cv_header_sys_stat_h=yes
ac_cv_header_sys_types_h=yes
ac_cv_header_unistd_h=yes
ac_cv_header_wchar_h=yes
ac_cv_host=x86_64-unknown-linux-gnu
ac_cv_host_alias=x86_64-unknown-linux-gnu
ac_cv_objext=o
ac_cv_path_install='/usr/bin/install -c'
ac_cv_prog_CPP='gcc -E'
ac_cv_prog_ac_ct_CC=gcc
ac_cv_prog_ac_ct_CXX=g++
ac_cv_prog_cc_g=yes
ac_cv_prog_cc_stdc=
ac_cv_prog_cxx_g=yes
ac_cv_prog_egrep='grep -E'
ac_cv_prog_have_curl_config=no
ac_cv_prog_have_libwww_config=no
ac_cv_prog_have_wininet_config=no
ac_cv_prog_make_make_set=yes
ac_cv_type_size_t=yes

## ----------------- ##
## Output variables. ##
## ----------------- ##

ABYSS_SUBDIR='abyss'
ACLOCAL='aclocal'
ASYNCH_CLIENT='asynch_client'
ATTR_UNUSED='__attribute__((__unused__))'
AUTH_CLIENT='auth_client'
AUTOCONF='autoconf'
AUTOHEADER='autoheader'
AUTOMAKE='automake'
BUILDDIR='/home/firexware/wk/crackstation/trunk/daemon/xmlrpc-c-1.16.41'
CC='gcc'
CC_WARN_FLAGS=''
CFLAGS='-g -O2 -D_THREAD'
CLIENTTEST='clienttest'
CPP='gcc -E'
CPPFLAGS=''
CPPTEST='cpptest'
CPP_WARN_FLAGS=''
CURL_CONFIG=''
CURL_LDADD=''
CURL_LIBDIR=''
CURL_RPATH=''
CURL_WL_RPATH=''
CXX='g++'
CXXFLAGS='-g -O2'
CXX_COMPILER_GNU='yes'
C_COMPILER_GNU='yes'
DEFS='-DHAVE_CONFIG_H'
DIRECTORY_SEPARATOR='/'
ECHO_C=''
ECHO_N='-n'
ECHO_T=''
EGREP='grep -E'
ENABLE_ABYSS_SERVER='yes'
ENABLE_ABYSS_THREADS='yes'
ENABLE_CGI_SERVER='yes'
ENABLE_CPLUSPLUS='yes'
ENABLE_LIBXML2_BACKEND='no'
EXEEXT=''
FEATURE_LIST='c++ abyss-server '
HAVE_LIBWWW_SSL_DEFINE='0'
HAVE_SYS_FILIO_H_DEFINE='0'
HAVE_SYS_IOCTL_H_DEFINE='1'
HAVE_WCHAR_H_DEFINE='1'
INSTALL_DATA='${INSTALL} -m 644'
INSTALL_PROGRAM='${INSTALL}'
INSTALL_SCRIPT='${INSTALL}'
LDFLAGS=''
LIBOBJS=''
LIBS=''
LIBWWW_CONFIG=''
LIBWWW_LDADD=''
LIBWWW_LIBDIR=''
LIBWWW_RPATH=''
LIBWWW_WL_RPATH=''
LIBXMLRPC_ABYSS_SERVER_LA='libxmlrpc_abyss_server.la'
LIBXMLRPC_CLIENT_LA='libxmlrpc_client.la'
LIBXMLRPC_CPP_A='libxmlrpc_cpp.a'
LSOCKET=''
LTLIBOBJS=''
MAKEINFO='makeinfo'
MUST_BUILD_CURL_CLIENT='no'
MUST_BUILD_LIBWWW_CLIENT='no'
MUST_BUILD_WININET_CLIENT='no'
OBJEXT='o'
PACKAGE='xmlrpc-c'
PACKAGE_BUGREPORT=''
PACKAGE_NAME=''
PACKAGE_STRING=''
PACKAGE_TARNAME=''
PACKAGE_VERSION=''
PATH_SEPARATOR=':'
QUERY_MEERKAT='query-meerkat'
SERVER='server'
SERVERTEST='servertest'
SET_MAKE=''
SHELL='/bin/bash'
SYNCH_CLIENT='synch_client'
VALIDATEE='validatee'
VA_LIST_IS_ARRAY_DEFINE='1'
VERSION='x.xx'
WININET_CFLAGS=''
WININET_CONFIG=''
WININET_LDADD=''
WININET_LIBDIR=''
WININET_RPATH=''
WININET_WL_RPATH=''
XMLRPCCPP_H='XmlRpcCpp.h'
XMLRPC_ABYSS_H='xmlrpc_abyss.h'
XMLRPC_CLIENT_H='xmlrpc_client.h'
XMLRPC_TRANSPORT_H='xmlrpc_transport.h'
XML_RPC_API2CPP_SUBDIR=''
ac_ct_CC='gcc'
ac_ct_CXX='g++'
bindir='${exec_prefix}/bin'
build='x86_64-unknown-linux-gnu'
build_alias=''
build_cpu='x86_64'
build_os='linux-gnu'
build_vendor='unknown'
datadir='${prefix}/share'
exec_prefix='${prefix}'
have_curl_config='no'
have_libwww_config='no'
have_wininet_config='no'
have_xml2_config=''
host='x86_64-unknown-linux-gnu'
host_alias=''
host_cpu='x86_64'
host_os='linux-gnu'
host_vendor='unknown'
includedir='${prefix}/include'
infodir='${prefix}/info'
libdir='${exec_prefix}/lib'
libexecdir='${exec_prefix}/libexec'
localstatedir='${prefix}/var'
mandir='${prefix}/man'
oldincludedir='/usr/include'
prefix='/usr/local'
program_transform_name='s,x,x,'
sbindir='${exec_prefix}/sbin'
sharedstatedir='${prefix}/com'
sysconfdir='${prefix}/etc'
target_alias=''

## ----------- ##
## confdefs.h. ##
## ----------- ##

#define HAVE_ASPRINTF 1
#define HAVE_GETTIMEOFDAY 1
#define HAVE_GMTIME_R 1
#define HAVE_INTTYPES_H 1
#define HAVE_LOCALTIME_R 1
#define HAVE_MEMORY_H 1
#define HAVE_PSELECT 1
#define HAVE_SETENV 1
#define HAVE_SETGROUPS 1
#define HAVE_STDARG_H 1
#define HAVE_STDINT_H 1
#define HAVE_STDLIB_H 1
#define HAVE_STRCASECMP 1
#define HAVE_STRINGS_H 1
#define HAVE_STRING_H 1
#define HAVE_SYS_IOCTL_H 1
#define HAVE_SYS_STAT_H 1
#define HAVE_SYS_TYPES_H 1
#define HAVE_UNISTD_H 1
#define HAVE_WCHAR_H 1
#define HAVE_WCSNCMP 1
#define PACKAGE "xmlrpc-c"
#define PACKAGE_BUGREPORT ""
#define PACKAGE_NAME ""
#define PACKAGE_STRING ""
#define PACKAGE_TARNAME ""
#define PACKAGE_VERSION ""
#define STDC_HEADERS 1
#define VERSION "x.xx"
#endif
#ifdef __cplusplus
extern "C" void exit (int) throw ();

configure: exit 0
